<?xml version="1.0" encoding="UTF-8"?>
<testng-results skipped="0" failed="0" ignored="0" total="2" passed="2">
  <reporter-output>
  </reporter-output>
  <suite name="Default suite" duration-ms="80434" started-at="2018-07-10T12:44:43Z" finished-at="2018-07-10T12:46:03Z">
    <groups>
    </groups>
    <test name="Default test" duration-ms="80434" started-at="2018-07-10T12:44:43Z" finished-at="2018-07-10T12:46:03Z">
      <class name="com.crm.qa.testcases.HomePageTest">
        <test-method status="PASS" signature="setup()[pri:0, instance:com.crm.qa.testcases.HomePageTest@6a41eaa2]" name="setup" is-config="true" duration-ms="45083" started-at="2018-07-10T18:14:43Z" finished-at="2018-07-10T18:15:28Z">
          <reporter-output>
          </reporter-output>
        </test-method> <!-- setup -->
        <test-method status="PASS" signature="clickOnContactsLinkTest()[pri:2, instance:com.crm.qa.testcases.HomePageTest@6a41eaa2]" name="clickOnContactsLinkTest" duration-ms="881" started-at="2018-07-10T18:15:28Z" finished-at="2018-07-10T18:15:29Z">
          <reporter-output>
          </reporter-output>
        </test-method> <!-- clickOnContactsLinkTest -->
        <test-method status="PASS" signature="tearDown()[pri:0, instance:com.crm.qa.testcases.HomePageTest@6a41eaa2]" name="tearDown" is-config="true" duration-ms="1562" started-at="2018-07-10T18:15:29Z" finished-at="2018-07-10T18:15:30Z">
          <reporter-output>
          </reporter-output>
        </test-method> <!-- tearDown -->
        <test-method status="PASS" signature="setup()[pri:0, instance:com.crm.qa.testcases.HomePageTest@6a41eaa2]" name="setup" is-config="true" duration-ms="31501" started-at="2018-07-10T18:15:30Z" finished-at="2018-07-10T18:16:02Z">
          <reporter-output>
          </reporter-output>
        </test-method> <!-- setup -->
        <test-method status="PASS" signature="clickOnDealsLinkTest()[pri:3, instance:com.crm.qa.testcases.HomePageTest@6a41eaa2]" name="clickOnDealsLinkTest" duration-ms="598" started-at="2018-07-10T18:16:02Z" finished-at="2018-07-10T18:16:03Z">
          <reporter-output>
          </reporter-output>
        </test-method> <!-- clickOnDealsLinkTest -->
        <test-method status="PASS" signature="tearDown()[pri:0, instance:com.crm.qa.testcases.HomePageTest@6a41eaa2]" name="tearDown" is-config="true" duration-ms="739" started-at="2018-07-10T18:16:03Z" finished-at="2018-07-10T18:16:03Z">
          <reporter-output>
          </reporter-output>
        </test-method> <!-- tearDown -->
      </class> <!-- com.crm.qa.testcases.HomePageTest -->
    </test> <!-- Default test -->
  </suite> <!-- Default suite -->
</testng-results>
