<?xml version="1.0" encoding="UTF-8"?>
<testng-results skipped="0" failed="0" ignored="0" total="1" passed="1">
  <reporter-output>
  </reporter-output>
  <suite name="Default suite" duration-ms="2688" started-at="2018-11-10T16:20:28Z" finished-at="2018-11-10T16:20:31Z">
    <groups>
    </groups>
    <test name="Default test" duration-ms="2688" started-at="2018-11-10T16:20:28Z" finished-at="2018-11-10T16:20:31Z">
      <class name="SimpleGetTest">
        <test-method status="PASS" signature="GetWeatherDetails()[pri:0, instance:SimpleGetTest@4b9e13df]" name="GetWeatherDetails" duration-ms="2635" started-at="2018-11-10T16:20:28Z" finished-at="2018-11-10T16:20:31Z">
          <reporter-output>
          </reporter-output>
        </test-method> <!-- GetWeatherDetails -->
      </class> <!-- SimpleGetTest -->
    </test> <!-- Default test -->
  </suite> <!-- Default suite -->
</testng-results>
